<?xml version="1.0" encoding="UTF-8"?>
<!-- Generated by org.testng.reporters.JUnitReportReporter -->
<testsuite hostname="Mac" failures="0" tests="3" name="smokeTest.DragAndDrop" time="57.498" errors="0" timestamp="2025-09-12T15:26:40 EDT" skipped="0">
  <testcase classname="smokeTest.DragAndDrop" name="clickAndHold" time="19.436"/>
  <testcase classname="smokeTest.DragAndDrop" name="doubleClick" time="18.831"/>
  <testcase classname="smokeTest.DragAndDrop" name="dragAndDropTest" time="19.231"/>
</testsuite> <!-- smokeTest.DragAndDrop -->
