<?xml version="1.0" encoding="UTF-8"?>
<!-- Generated by org.testng.reporters.JUnitXMLReporter -->
<testsuite ignored="1" hostname="Manpreets-MacBook-Pro.local" failures="0" tests="1" name="Default test" time="10.135" errors="0" timestamp="2025-09-24T12:20:49 EDT">
  <testcase classname="smokeTest.DemoIdentityServerTest" name="getApplications" time="9.774"/>
  <testcase classname="smokeTest.DemoIdentityServerTest" name="genToken" time="0.0">
    <ignored/>
  </testcase> <!-- genToken -->
</testsuite> <!-- Default test -->
