<?xml version="1.0" encoding="UTF-8"?>
<testng-results ignored="0" total="1" passed="1" failed="0" skipped="0">
  <reporter-output>
  </reporter-output>
  <suite started-at="2025-12-08T02:33:33 EST" name="SmokeSuite" finished-at="2025-12-08T02:34:03 EST" duration-ms="29492">
    <groups>
    </groups>
    <test started-at="2025-12-08T02:33:33 EST" name="Test" finished-at="2025-12-08T02:34:03 EST" duration-ms="29492">
      <class name="smokeTest.DatePicker">
        <test-method is-config="true" signature="setUp(java.lang.String)[pri:0, instance:smokeTest.DatePicker@23f5b5dc]" started-at="2025-12-08T02:33:33 EST" name="setUp" finished-at="2025-12-08T02:33:47 EST" duration-ms="13650" status="PASS">
          <params>
            <param index="0">
              <value>
                <![CDATA[chrome]]>
              </value>
            </param>
          </params>
          <reporter-output>
          </reporter-output>
        </test-method> <!-- setUp -->
        <test-method is-config="true" signature="setup()[pri:0, instance:smokeTest.DatePicker@23f5b5dc]" started-at="2025-12-08T02:33:47 EST" name="setup" finished-at="2025-12-08T02:33:47 EST" duration-ms="40" status="PASS">
          <reporter-output>
          </reporter-output>
        </test-method> <!-- setup -->
        <test-method signature="selectDateOfLastMonth()[pri:0, instance:smokeTest.DatePicker@23f5b5dc]" started-at="2025-12-08T02:33:47 EST" name="selectDateOfLastMonth" finished-at="2025-12-08T02:34:02 EST" duration-ms="15533" status="PASS">
          <reporter-output>
          </reporter-output>
        </test-method> <!-- selectDateOfLastMonth -->
        <test-method is-config="true" signature="quitDriver()[pri:0, instance:smokeTest.DatePicker@23f5b5dc]" started-at="2025-12-08T02:34:03 EST" name="quitDriver" finished-at="2025-12-08T02:34:03 EST" duration-ms="118" status="PASS">
          <reporter-output>
          </reporter-output>
        </test-method> <!-- quitDriver -->
      </class> <!-- smokeTest.DatePicker -->
    </test> <!-- Test -->
  </suite> <!-- SmokeSuite -->
</testng-results>
